MOCK_DATA (1).json -> MOCK_DATA (1).yaml; 1368ms; 153164 -> 146390
MOCK_DATA.json -> MOCK_DATA.yaml; 1067ms; 135387 -> 129387
userClass.yaml -> userClass.json; 1021ms; 112 -> 115
MOCK_DATA (1).json -> MOCK_DATA (1).yaml; 1060ms; 153164 -> 146390
MOCK_DATA.json -> MOCK_DATA.yaml; 1045ms; 135387 -> 129387
userClass.yaml -> userClass.json; 1008ms; 112 -> 115
MOCK_DATA (1).yaml -> MOCK_DATA (1).json; 1576ms; 146390 -> 152165
MOCK_DATA.yaml -> MOCK_DATA.json; 1147ms; 129387 -> 134388
userClass.json -> userClass.yaml; 1031ms; 115 -> 111
MOCK_DATA (1).json -> MOCK_DATA (1).yaml; 1120ms; 153164 -> 146390
MOCK_DATA.json -> MOCK_DATA.yaml; 1049ms; 135387 -> 129387
userClass.yaml -> userClass.json; 1002ms; 112 -> 115
MOCK_DATA (1).json -> MOCK_DATA (1).yaml; 1049ms; 153164 -> 146390
MOCK_DATA.json -> MOCK_DATA.yaml; 1051ms; 135387 -> 129387
userClass.yaml -> userClass.json; 1007ms; 112 -> 115
MOCK_DATA (1).json -> MOCK_DATA (1).yaml; 1458ms; 152165 -> 146396
MOCK_DATA (1).yaml -> MOCK_DATA (1).json; 1437ms; 146396 -> 152165
MOCK_DATA.json -> MOCK_DATA.yaml; 1095ms; 134388 -> 129391
MOCK_DATA.yaml -> MOCK_DATA.json; 1207ms; 129391 -> 134388
userClass.json -> userClass.yaml; 1014ms; 115 -> 111
userClass.yaml -> userClass.json; 1005ms; 111 -> 115
MOCK_DATA (1).json -> MOCK_DATA (1).yaml; 1065ms; 153164 -> 146390
MOCK_DATA.json -> MOCK_DATA.yaml; 1054ms; 135387 -> 129387
userClass.yaml -> userClass.json; 1015ms; 112 -> 115
MOCK_DATA (1).json -> MOCK_DATA (1).yaml; 1055ms; 153164 -> 146390
MOCK_DATA.json -> MOCK_DATA.yaml; 1057ms; 135387 -> 129387
userClass.yaml -> userClass.json; 1014ms; 112 -> 115
MOCK_DATA (1).json -> MOCK_DATA (1).yaml; 1464ms; 153164 -> 146390
MOCK_DATA.json -> MOCK_DATA.yaml; 1065ms; 135387 -> 129387
userClass.yaml -> userClass.json; 1032ms; 112 -> 115
MOCK_DATA (1).json -> MOCK_DATA (1).yaml; 1064ms; 153164 -> 146390
MOCK_DATA.json -> MOCK_DATA.yaml; 1072ms; 135387 -> 129387
userClass.yaml -> userClass.json; 1016ms; 112 -> 115
MOCK_DATA (1).yaml -> MOCK_DATA (1).json; 3020ms; 146390 -> 152165
MOCK_DATA.yaml -> MOCK_DATA.json; 1142ms; 129387 -> 134388
userClass.json -> userClass.yaml; 1041ms; 115 -> 111
MOCK_DATA (1).json -> MOCK_DATA (1).yaml; 1146ms; 153164 -> 146390
MOCK_DATA.json -> MOCK_DATA.yaml; 1074ms; 135387 -> 129387
userClass.yaml -> userClass.json; 1006ms; 111 -> 115
MOCK_DATA (1).json -> MOCK_DATA (1).yaml; 1063ms; 153164 -> 146390
MOCK_DATA.json -> MOCK_DATA.yaml; 1041ms; 135387 -> 129387
userClass.yaml -> userClass.json; 1003ms; 111 -> 115
MOCK_DATA (1).json -> MOCK_DATA (1).yaml; 1607ms; 152165 -> 146396
MOCK_DATA (1).yaml -> MOCK_DATA (1).json; 1362ms; 146396 -> 152165
MOCK_DATA.json -> MOCK_DATA.yaml; 1079ms; 134388 -> 129391
MOCK_DATA.yaml -> MOCK_DATA.json; 1146ms; 129391 -> 134388
userClass.json -> userClass.yaml; 1002ms; 115 -> 111
MOCK_DATA (1).json -> MOCK_DATA (1).yaml; 1687ms; 152165 -> 146396
MOCK_DATA (1).yaml -> MOCK_DATA (1).json; 1385ms; 146396 -> 152165
MOCK_DATA.json -> MOCK_DATA.yaml; 1094ms; 134388 -> 129391
MOCK_DATA.yaml -> MOCK_DATA.json; 1148ms; 129391 -> 134388
userClass.json -> userClass.yaml; 1003ms; 115 -> 111
userClass.yaml -> userClass.json; 1002ms; 111 -> 115
MOCK_DATA (1).json -> MOCK_DATA (1).yaml; 1070ms; 153164 -> 146390
MOCK_DATA.json -> MOCK_DATA.yaml; 1047ms; 135387 -> 129387
userClass.yaml -> userClass.json; 1000ms; 111 -> 115
MOCK_DATA (1).json -> MOCK_DATA (1).yaml; 1048ms; 153164 -> 146390
MOCK_DATA.json -> MOCK_DATA.yaml; 1039ms; 135387 -> 129387
userClass.yaml -> userClass.json; 1002ms; 111 -> 115
MOCK_DATA (1).json -> MOCK_DATA (1).yaml; 1387ms; 152165 -> 146396
MOCK_DATA (1).yaml -> MOCK_DATA (1).json; 1407ms; 146396 -> 152165
MOCK_DATA.json -> MOCK_DATA.yaml; 1076ms; 134388 -> 129391
MOCK_DATA.yaml -> MOCK_DATA.json; 1155ms; 129391 -> 134388
userClass.json -> userClass.yaml; 1004ms; 115 -> 111
userClass.yaml -> userClass.json; 1002ms; 111 -> 115
MOCK_DATA (1).json -> MOCK_DATA (1).yaml; 1054ms; 153164 -> 146390
MOCK_DATA.json -> MOCK_DATA.yaml; 1051ms; 135387 -> 129387
userClass.yaml -> userClass.json; 1002ms; 111 -> 115
MOCK_DATA (1).json -> MOCK_DATA (1).yaml; 1044ms; 153164 -> 146390
MOCK_DATA.json -> MOCK_DATA.yaml; 1034ms; 135387 -> 129387
userClass.yaml -> userClass.json; 1003ms; 111 -> 115
MOCK_DATA (1).json -> MOCK_DATA (1).yaml; 1360ms; 152165 -> 146396
MOCK_DATA (1).yaml -> MOCK_DATA (1).json; 1436ms; 146396 -> 152165
MOCK_DATA.json -> MOCK_DATA.yaml; 1055ms; 134388 -> 129391
MOCK_DATA.yaml -> MOCK_DATA.json; 1168ms; 129391 -> 134388
userClass.json -> userClass.yaml; 1002ms; 115 -> 111
userClass.yaml -> userClass.json; 1002ms; 111 -> 115
MOCK_DATA (1).json -> MOCK_DATA (1).yaml; 1084ms; 153164 -> 146390
MOCK_DATA.json -> MOCK_DATA.yaml; 1058ms; 135387 -> 129387
userClass.yaml -> userClass.json; 1002ms; 111 -> 115
MOCK_DATA (1).json -> MOCK_DATA (1).yaml; 1046ms; 153164 -> 146390
MOCK_DATA.json -> MOCK_DATA.yaml; 1036ms; 135387 -> 129387
userClass.yaml -> userClass.json; 1002ms; 111 -> 115
Json1.json -> Json1.yaml; 1539ms; 134738 -> 129739
Json2.json -> Json2.yaml; 1086ms; 161413 -> 160412
xom.yaml -> xom.json; 1008ms; 111 -> 115
Json1.json -> Json1.yaml; 1065ms; 134738 -> 129739
Json2.json -> Json2.yaml; 1048ms; 161413 -> 160412
xom.yaml -> xom.json; 1006ms; 111 -> 115
Json1.json -> Json1.yaml; 1047ms; 134738 -> 129739
Json2.json -> Json2.yaml; 1051ms; 161413 -> 160412
xom.yaml -> xom.json; 1016ms; 111 -> 115
Json1.json -> Json1.yaml; 1472ms; 134738 -> 129739
Json1.yaml -> Json1.json; 1317ms; 129739 -> 134738
Json2.json -> Json2.yaml; 1075ms; 161413 -> 160412
Json2.yaml -> Json2.json; 1164ms; 160412 -> 161413
xom.json -> xom.yaml; 1004ms; 115 -> 111
xom.yaml -> xom.json; 1004ms; 111 -> 115
Json1.json -> Json1.yaml; 1040ms; 134738 -> 129739
Json2.json -> Json2.yaml; 1043ms; 161413 -> 160412
xom.yaml -> xom.json; 1006ms; 111 -> 115
Json1.json -> Json1.yaml; 1074ms; 134738 -> 129739
Json2.json -> Json2.yaml; 1034ms; 161413 -> 160412
xom.yaml -> xom.json; 1011ms; 111 -> 115
Json1.json -> Json1.yaml; 1312ms; 134738 -> 129739
Json1.yaml -> Json1.json; 1331ms; 129739 -> 134738
Json2.json -> Json2.yaml; 1077ms; 161413 -> 160412
Json2.yaml -> Json2.json; 1170ms; 160412 -> 161413
xom.json -> xom.yaml; 1010ms; 115 -> 111
xom.yaml -> xom.json; 1006ms; 111 -> 115
Json1.json -> Json1.yaml; 1037ms; 134738 -> 129739
Json2.json -> Json2.yaml; 1054ms; 161413 -> 160412
xom.yaml -> xom.json; 1010ms; 111 -> 115
Json1.json -> Json1.yaml; 1038ms; 134738 -> 129739
Json2.json -> Json2.yaml; 1026ms; 161413 -> 160412
xom.yaml -> xom.json; 1005ms; 111 -> 115
Json1.json -> Json1.yaml; 1302ms; 134738 -> 129739
Json1.yaml -> Json1.json; 1297ms; 129739 -> 134738
Json2.json -> Json2.yaml; 1065ms; 161413 -> 160412
Json2.yaml -> Json2.json; 1158ms; 160412 -> 161413
xom.json -> xom.yaml; 1003ms; 115 -> 111
xom.yaml -> xom.json; 1007ms; 111 -> 115
Json1.json -> Json1.yaml; 1036ms; 134738 -> 129739
Json2.json -> Json2.yaml; 1054ms; 161413 -> 160412
xom.yaml -> xom.json; 1008ms; 111 -> 115
Json1.json -> Json1.yaml; 1046ms; 134738 -> 129739
Json2.json -> Json2.yaml; 1029ms; 161413 -> 160412
xom.yaml -> xom.json; 1004ms; 111 -> 115
